
*** Running vivado
    with args -log design_1_axi_gpio_0_4.vds -m64 -product Vivado -mode batch -messageDb vivado.pb -notrace -source design_1_axi_gpio_0_4.tcl



****** Vivado v2024.1 (64-bit)
  **** SW Build 5076996 on Wed May 22 18:37:14 MDT 2024
  **** IP Build 5075265 on Wed May 22 21:45:21 MDT 2024
  **** SharedData Build 5076995 on Wed May 22 18:29:18 MDT 2024
  **** Start of session at: Tue Dec  9 21:07:36 2025
    ** Copyright 1986-2022 Xilinx, Inc. All Rights Reserved.
    ** Copyright 2022-2024 Advanced Micro Devices, Inc. All Rights Reserved.

source design_1_axi_gpio_0_4.tcl -notrace
create_project: Time (s): cpu = 00:00:08 ; elapsed = 00:00:08 . Memory (MB): peak = 530.133 ; gain = 198.676
INFO: [IP_Flow 19-6924] IPCACHE: Running cache check for IP inst: design_1_axi_gpio_0_4
INFO: [IP_Flow 19-6922] IPCACHE: Exporting cached entry 91e99c8e3507a41e to dir: D:/Facultate/AN3/Sem1/SSC/Proiect/Perceptron-FPGA_delta_perceptron/Perceptron-FPGA_delta_perceptron/Perceptron-FPGA/Perceptron.runs/design_1_axi_gpio_0_4_synth_1
INFO: [IP_Flow 19-6928] IPCACHE: copied cached file d:/Facultate/AN3/Sem1/SSC/Proiect/Perceptron-FPGA_delta_perceptron/Perceptron-FPGA_delta_perceptron/Perceptron-FPGA/Perceptron.cache/ip/2024.1/9/1/91e99c8e3507a41e/design_1_axi_gpio_y_input_0.dcp to D:/Facultate/AN3/Sem1/SSC/Proiect/Perceptron-FPGA_delta_perceptron/Perceptron-FPGA_delta_perceptron/Perceptron-FPGA/Perceptron.runs/design_1_axi_gpio_0_4_synth_1/design_1_axi_gpio_0_4.dcp.
INFO: [IP_Flow 19-6928] IPCACHE: copied cached file d:/Facultate/AN3/Sem1/SSC/Proiect/Perceptron-FPGA_delta_perceptron/Perceptron-FPGA_delta_perceptron/Perceptron-FPGA/Perceptron.cache/ip/2024.1/9/1/91e99c8e3507a41e/design_1_axi_gpio_y_input_0_sim_netlist.v to D:/Facultate/AN3/Sem1/SSC/Proiect/Perceptron-FPGA_delta_perceptron/Perceptron-FPGA_delta_perceptron/Perceptron-FPGA/Perceptron.runs/design_1_axi_gpio_0_4_synth_1/design_1_axi_gpio_0_4_sim_netlist.v.
INFO: [IP_Flow 19-6928] IPCACHE: copied cached file d:/Facultate/AN3/Sem1/SSC/Proiect/Perceptron-FPGA_delta_perceptron/Perceptron-FPGA_delta_perceptron/Perceptron-FPGA/Perceptron.cache/ip/2024.1/9/1/91e99c8e3507a41e/design_1_axi_gpio_y_input_0_sim_netlist.vhdl to D:/Facultate/AN3/Sem1/SSC/Proiect/Perceptron-FPGA_delta_perceptron/Perceptron-FPGA_delta_perceptron/Perceptron-FPGA/Perceptron.runs/design_1_axi_gpio_0_4_synth_1/design_1_axi_gpio_0_4_sim_netlist.vhdl.
INFO: [IP_Flow 19-6928] IPCACHE: copied cached file d:/Facultate/AN3/Sem1/SSC/Proiect/Perceptron-FPGA_delta_perceptron/Perceptron-FPGA_delta_perceptron/Perceptron-FPGA/Perceptron.cache/ip/2024.1/9/1/91e99c8e3507a41e/design_1_axi_gpio_y_input_0_stub.v to D:/Facultate/AN3/Sem1/SSC/Proiect/Perceptron-FPGA_delta_perceptron/Perceptron-FPGA_delta_perceptron/Perceptron-FPGA/Perceptron.runs/design_1_axi_gpio_0_4_synth_1/design_1_axi_gpio_0_4_stub.v.
INFO: [IP_Flow 19-6928] IPCACHE: copied cached file d:/Facultate/AN3/Sem1/SSC/Proiect/Perceptron-FPGA_delta_perceptron/Perceptron-FPGA_delta_perceptron/Perceptron-FPGA/Perceptron.cache/ip/2024.1/9/1/91e99c8e3507a41e/design_1_axi_gpio_y_input_0_stub.vhdl to D:/Facultate/AN3/Sem1/SSC/Proiect/Perceptron-FPGA_delta_perceptron/Perceptron-FPGA_delta_perceptron/Perceptron-FPGA/Perceptron.runs/design_1_axi_gpio_0_4_synth_1/design_1_axi_gpio_0_4_stub.vhdl.
INFO: [IP_Flow 19-4838] Using cached IP synthesis design for IP design_1_axi_gpio_0_4, cache-ID = 91e99c8e3507a41e.
INFO: [Common 17-206] Exiting Vivado at Tue Dec  9 21:07:50 2025...
