
*** Running vivado
    with args -log design_1_axi_gpio_sel_corrected_w_0.vds -m64 -product Vivado -mode batch -messageDb vivado.pb -notrace -source design_1_axi_gpio_sel_corrected_w_0.tcl



****** Vivado v2024.1 (64-bit)
  **** SW Build 5076996 on Wed May 22 18:37:14 MDT 2024
  **** IP Build 5075265 on Wed May 22 21:45:21 MDT 2024
  **** SharedData Build 5076995 on Wed May 22 18:29:18 MDT 2024
  **** Start of session at: Tue Dec  9 21:09:10 2025
    ** Copyright 1986-2022 Xilinx, Inc. All Rights Reserved.
    ** Copyright 2022-2024 Advanced Micro Devices, Inc. All Rights Reserved.

source design_1_axi_gpio_sel_corrected_w_0.tcl -notrace
create_project: Time (s): cpu = 00:00:12 ; elapsed = 00:00:12 . Memory (MB): peak = 531.996 ; gain = 200.156
INFO: [IP_Flow 19-6924] IPCACHE: Running cache check for IP inst: design_1_axi_gpio_sel_corrected_w_0
INFO: [IP_Flow 19-6922] IPCACHE: Exporting cached entry c1565c601a3618f5 to dir: D:/Facultate/AN3/Sem1/SSC/Proiect/Perceptron-FPGA_delta_perceptron/Perceptron-FPGA_delta_perceptron/Perceptron-FPGA/Perceptron.runs/design_1_axi_gpio_sel_corrected_w_0_synth_1
INFO: [IP_Flow 19-6928] IPCACHE: copied cached file d:/Facultate/AN3/Sem1/SSC/Proiect/Perceptron-FPGA_delta_perceptron/Perceptron-FPGA_delta_perceptron/Perceptron-FPGA/Perceptron.cache/ip/2024.1/c/1/c1565c601a3618f5/design_1_axi_gpio_0_8.dcp to D:/Facultate/AN3/Sem1/SSC/Proiect/Perceptron-FPGA_delta_perceptron/Perceptron-FPGA_delta_perceptron/Perceptron-FPGA/Perceptron.runs/design_1_axi_gpio_sel_corrected_w_0_synth_1/design_1_axi_gpio_sel_corrected_w_0.dcp.
INFO: [IP_Flow 19-6928] IPCACHE: copied cached file d:/Facultate/AN3/Sem1/SSC/Proiect/Perceptron-FPGA_delta_perceptron/Perceptron-FPGA_delta_perceptron/Perceptron-FPGA/Perceptron.cache/ip/2024.1/c/1/c1565c601a3618f5/design_1_axi_gpio_0_8_sim_netlist.v to D:/Facultate/AN3/Sem1/SSC/Proiect/Perceptron-FPGA_delta_perceptron/Perceptron-FPGA_delta_perceptron/Perceptron-FPGA/Perceptron.runs/design_1_axi_gpio_sel_corrected_w_0_synth_1/design_1_axi_gpio_sel_corrected_w_0_sim_netlist.v.
INFO: [IP_Flow 19-6928] IPCACHE: copied cached file d:/Facultate/AN3/Sem1/SSC/Proiect/Perceptron-FPGA_delta_perceptron/Perceptron-FPGA_delta_perceptron/Perceptron-FPGA/Perceptron.cache/ip/2024.1/c/1/c1565c601a3618f5/design_1_axi_gpio_0_8_sim_netlist.vhdl to D:/Facultate/AN3/Sem1/SSC/Proiect/Perceptron-FPGA_delta_perceptron/Perceptron-FPGA_delta_perceptron/Perceptron-FPGA/Perceptron.runs/design_1_axi_gpio_sel_corrected_w_0_synth_1/design_1_axi_gpio_sel_corrected_w_0_sim_netlist.vhdl.
INFO: [IP_Flow 19-6928] IPCACHE: copied cached file d:/Facultate/AN3/Sem1/SSC/Proiect/Perceptron-FPGA_delta_perceptron/Perceptron-FPGA_delta_perceptron/Perceptron-FPGA/Perceptron.cache/ip/2024.1/c/1/c1565c601a3618f5/design_1_axi_gpio_0_8_stub.v to D:/Facultate/AN3/Sem1/SSC/Proiect/Perceptron-FPGA_delta_perceptron/Perceptron-FPGA_delta_perceptron/Perceptron-FPGA/Perceptron.runs/design_1_axi_gpio_sel_corrected_w_0_synth_1/design_1_axi_gpio_sel_corrected_w_0_stub.v.
INFO: [IP_Flow 19-6928] IPCACHE: copied cached file d:/Facultate/AN3/Sem1/SSC/Proiect/Perceptron-FPGA_delta_perceptron/Perceptron-FPGA_delta_perceptron/Perceptron-FPGA/Perceptron.cache/ip/2024.1/c/1/c1565c601a3618f5/design_1_axi_gpio_0_8_stub.vhdl to D:/Facultate/AN3/Sem1/SSC/Proiect/Perceptron-FPGA_delta_perceptron/Perceptron-FPGA_delta_perceptron/Perceptron-FPGA/Perceptron.runs/design_1_axi_gpio_sel_corrected_w_0_synth_1/design_1_axi_gpio_sel_corrected_w_0_stub.vhdl.
INFO: [IP_Flow 19-4838] Using cached IP synthesis design for IP design_1_axi_gpio_sel_corrected_w_0, cache-ID = c1565c601a3618f5.
INFO: [Common 17-206] Exiting Vivado at Tue Dec  9 21:09:32 2025...
