Copyright 1986-2022 Xilinx, Inc. All Rights Reserved. Copyright 2022-2024 Advanced Micro Devices, Inc. All Rights Reserved.
---------------------------------------------------------------------------------------------------------------------------------------------
| Tool Version : Vivado v.2024.1 (win64) Build 5076996 Wed May 22 18:37:14 MDT 2024
| Date         : Tue Dec  9 21:26:16 2025
| Host         : Vasile-Laptop running 64-bit major release  (build 9200)
| Command      : report_control_sets -verbose -file design_1_wrapper_control_sets_placed.rpt
| Design       : design_1_wrapper
| Device       : xc7z020
---------------------------------------------------------------------------------------------------------------------------------------------

Control Set Information

Table of Contents
-----------------
1. Summary
2. Histogram
3. Flip-Flop Distribution
4. Detailed Control Set Information

1. Summary
----------

+----------------------------------------------------------+-------+
|                          Status                          | Count |
+----------------------------------------------------------+-------+
| Total control sets                                       |   217 |
|    Minimum number of control sets                        |   217 |
|    Addition due to synthesis replication                 |     0 |
|    Addition due to physical synthesis replication        |     0 |
| Unused register locations in slices containing registers |   724 |
+----------------------------------------------------------+-------+
* Control sets can be merged at opt_design using control_set_merge or merge_equivalent_drivers
** Run report_qor_suggestions for automated merging and remapping suggestions


2. Histogram
------------

+--------------------+-------+
|       Fanout       | Count |
+--------------------+-------+
| Total control sets |   217 |
| >= 0 to < 4        |     8 |
| >= 4 to < 6        |    78 |
| >= 6 to < 8        |     1 |
| >= 8 to < 10       |    14 |
| >= 10 to < 12      |     3 |
| >= 12 to < 14      |     7 |
| >= 14 to < 16      |     4 |
| >= 16              |   102 |
+--------------------+-------+
* Control sets can be remapped at either synth_design or opt_design


3. Flip-Flop Distribution
-------------------------

+--------------+-----------------------+------------------------+-----------------+--------------+
| Clock Enable | Synchronous Set/Reset | Asynchronous Set/Reset | Total Registers | Total Slices |
+--------------+-----------------------+------------------------+-----------------+--------------+
| No           | No                    | No                     |             640 |          241 |
| No           | No                    | Yes                    |              26 |           16 |
| No           | Yes                   | No                     |             732 |          226 |
| Yes          | No                    | No                     |            2165 |          778 |
| Yes          | No                    | Yes                    |             189 |           50 |
| Yes          | Yes                   | No                     |             484 |          137 |
+--------------+-----------------------+------------------------+-----------------+--------------+


4. Detailed Control Set Information
-----------------------------------

+--------------------------------------------------------------------+----------------------------------------------------------------------------------------------------------------------------------------------------------------+-------------------------------------------------------------------------------------------------------------------------------------------------------+------------------+----------------+--------------+
|                            Clock Signal                            |                                                                          Enable Signal                                                                         |                                                                    Set/Reset Signal                                                                   | Slice Load Count | Bel Load Count | Bels / Slice |
+--------------------------------------------------------------------+----------------------------------------------------------------------------------------------------------------------------------------------------------------+-------------------------------------------------------------------------------------------------------------------------------------------------------+------------------+----------------+--------------+
|  design_1_i/processing_system7_0/inst/FCLK_CLK0                    |                                                                                                                                                                | design_1_i/Control_0/U0/delta_rule_unit2/fpu_mul/rst_mul                                                                                              |                1 |              1 |         1.00 |
|  design_1_i/processing_system7_0/inst/FCLK_CLK0                    |                                                                                                                                                                | design_1_i/Control_0/U0/delta_rule_unit3/fpu_mul/rst_mul                                                                                              |                1 |              1 |         1.00 |
|  design_1_i/processing_system7_0/inst/FCLK_CLK0                    |                                                                                                                                                                | design_1_i/Control_0/U0/delta_rule_unit1/fpu_mul/rst_mul                                                                                              |                1 |              1 |         1.00 |
|  design_1_i/processing_system7_0/inst/FCLK_CLK0                    | design_1_i/ps7_0_axi_periph/s00_couplers/auto_pc/inst/gen_axilite.gen_b2s_conv.axilite_b2s/WR.aw_channel_0/aw_cmd_fsm_0/FSM_sequential_state_reg[0]_1          | design_1_i/ps7_0_axi_periph/s00_couplers/auto_pc/inst/gen_axilite.gen_b2s_conv.axilite_b2s/WR.aw_channel_0/aw_cmd_fsm_0/FSM_sequential_state_reg[0]_0 |                1 |              1 |         1.00 |
|  design_1_i/processing_system7_0/inst/FCLK_CLK0                    | design_1_i/ps7_0_axi_periph/s00_couplers/auto_pc/inst/gen_axilite.gen_b2s_conv.axilite_b2s/WR.b_channel_0/bid_fifo_0/sel                                       |                                                                                                                                                       |                1 |              2 |         2.00 |
|  design_1_i/processing_system7_0/inst/FCLK_CLK0                    | design_1_i/Control_0/U0/delta_rule_unit1/fpu_adder2/FSM_sequential_state[2]_i_1__1_n_0                                                                         | design_1_i/Control_0/U0/delta_rule_unit1/fpu_adder2/rst_adder                                                                                         |                1 |              3 |         3.00 |
|  design_1_i/processing_system7_0/inst/FCLK_CLK0                    | design_1_i/Control_0/U0/delta_rule_unit3/fpu_adder2/FSM_sequential_state[2]_i_1__3_n_0                                                                         | design_1_i/Control_0/U0/delta_rule_unit3/fpu_adder2/rst_adder                                                                                         |                1 |              3 |         3.00 |
|  design_1_i/processing_system7_0/inst/FCLK_CLK0                    | design_1_i/Control_0/U0/delta_rule_unit2/fpu_adder2/FSM_sequential_state[2]_i_1__2_n_0                                                                         | design_1_i/Control_0/U0/delta_rule_unit2/fpu_adder2/rst_adder                                                                                         |                1 |              3 |         3.00 |
|  design_1_i/processing_system7_0/inst/FCLK_CLK0                    | design_1_i/axi_gpio_corrected_w/U0/AXI_LITE_IPIF_I/I_SLAVE_ATTACHMENT/bus2ip_addr_i[8]_i_1_n_0                                                                 | design_1_i/axi_gpio_corrected_w/U0/AXI_LITE_IPIF_I/I_SLAVE_ATTACHMENT/SR[0]                                                                           |                2 |              4 |         2.00 |
|  design_1_i/processing_system7_0/inst/FCLK_CLK0                    | design_1_i/axi_gpio_sw/U0/AXI_LITE_IPIF_I/I_SLAVE_ATTACHMENT/I_DECODER/E[0]                                                                                    | design_1_i/axi_gpio_sw/U0/AXI_LITE_IPIF_I/I_SLAVE_ATTACHMENT/SR[0]                                                                                    |                1 |              4 |         4.00 |
|  design_1_i/processing_system7_0/inst/FCLK_CLK0                    |                                                                                                                                                                | design_1_i/axi_gpio_input_val/U0/AXI_LITE_IPIF_I/I_SLAVE_ATTACHMENT/clear                                                                             |                1 |              4 |         4.00 |
|  design_1_i/processing_system7_0/inst/FCLK_CLK0                    | design_1_i/axi_gpio_btn/U0/AXI_LITE_IPIF_I/I_SLAVE_ATTACHMENT/start2                                                                                           | design_1_i/axi_gpio_btn/U0/AXI_LITE_IPIF_I/I_SLAVE_ATTACHMENT/I_DECODER/cs_ce_clr                                                                     |                1 |              4 |         4.00 |
|  design_1_i/processing_system7_0/inst/FCLK_CLK0                    |                                                                                                                                                                | design_1_i/axi_gpio_btn/U0/AXI_LITE_IPIF_I/I_SLAVE_ATTACHMENT/I_DECODER/bus2ip_rnw_i_reg                                                              |                1 |              4 |         4.00 |
|  design_1_i/processing_system7_0/inst/FCLK_CLK0                    |                                                                                                                                                                | design_1_i/axi_gpio_btn/U0/AXI_LITE_IPIF_I/I_SLAVE_ATTACHMENT/clear                                                                                   |                1 |              4 |         4.00 |
|  design_1_i/processing_system7_0/inst/FCLK_CLK0                    | design_1_i/Control_0/U0/delta_rule_unit1/fpu_mul/eZ0                                                                                                           | design_1_i/Control_0/U0/delta_rule_unit1/fpu_mul/eZ[6]_i_1__3_n_0                                                                                     |                1 |              4 |         4.00 |
|  design_1_i/processing_system7_0/inst/FCLK_CLK0                    |                                                                                                                                                                | design_1_i/axi_gpio_sel_corrected_w/U0/AXI_LITE_IPIF_I/I_SLAVE_ATTACHMENT/clear                                                                       |                1 |              4 |         4.00 |
|  design_1_i/processing_system7_0/inst/FCLK_CLK0                    |                                                                                                                                                                | design_1_i/axi_gpio_delta_ok/U0/AXI_LITE_IPIF_I/I_SLAVE_ATTACHMENT/clear                                                                              |                1 |              4 |         4.00 |
|  design_1_i/processing_system7_0/inst/FCLK_CLK0                    | design_1_i/Control_0/U0/delta_rule_unit1/fpu_mul/state[3]_i_1__1_n_0                                                                                           | design_1_i/Control_0/U0/delta_rule_unit1/fpu_mul/rst_mul                                                                                              |                1 |              4 |         4.00 |
|  design_1_i/processing_system7_0/inst/FCLK_CLK0                    |                                                                                                                                                                | design_1_i/axi_gpio_per_out/U0/AXI_LITE_IPIF_I/I_SLAVE_ATTACHMENT/clear                                                                               |                1 |              4 |         4.00 |
|  design_1_i/processing_system7_0/inst/FCLK_CLK0                    | design_1_i/axi_gpio_led/U0/AXI_LITE_IPIF_I/I_SLAVE_ATTACHMENT/bus2ip_addr_i[8]_i_1_n_0                                                                         | design_1_i/axi_gpio_led/U0/AXI_LITE_IPIF_I/I_SLAVE_ATTACHMENT/SR[0]                                                                                   |                1 |              4 |         4.00 |
|  design_1_i/processing_system7_0/inst/FCLK_CLK0                    | design_1_i/axi_gpio_desired_point_type/U0/AXI_LITE_IPIF_I/I_SLAVE_ATTACHMENT/start2                                                                            | design_1_i/axi_gpio_desired_point_type/U0/AXI_LITE_IPIF_I/I_SLAVE_ATTACHMENT/I_DECODER/cs_ce_clr                                                      |                1 |              4 |         4.00 |
|  design_1_i/processing_system7_0/inst/FCLK_CLK0                    | design_1_i/axi_gpio_desired_point_type/U0/AXI_LITE_IPIF_I/I_SLAVE_ATTACHMENT/bus2ip_addr_i[8]_i_1_n_0                                                          | design_1_i/axi_gpio_desired_point_type/U0/AXI_LITE_IPIF_I/I_SLAVE_ATTACHMENT/SS[0]                                                                    |                1 |              4 |         4.00 |
|  design_1_i/processing_system7_0/inst/FCLK_CLK0                    |                                                                                                                                                                | design_1_i/axi_gpio_start_delta/U0/AXI_LITE_IPIF_I/I_SLAVE_ATTACHMENT/clear                                                                           |                1 |              4 |         4.00 |
|  design_1_i/processing_system7_0/inst/FCLK_CLK0                    |                                                                                                                                                                | design_1_i/axi_gpio_done_per/U0/AXI_LITE_IPIF_I/I_SLAVE_ATTACHMENT/clear                                                                              |                2 |              4 |         2.00 |
|  design_1_i/processing_system7_0/inst/FCLK_CLK0                    | design_1_i/axi_gpio_delta_ok/U0/AXI_LITE_IPIF_I/I_SLAVE_ATTACHMENT/start2                                                                                      | design_1_i/axi_gpio_delta_ok/U0/AXI_LITE_IPIF_I/I_SLAVE_ATTACHMENT/I_DECODER/cs_ce_clr                                                                |                1 |              4 |         4.00 |
|  design_1_i/processing_system7_0/inst/FCLK_CLK0                    | design_1_i/axi_gpio_sel_w/U0/AXI_LITE_IPIF_I/I_SLAVE_ATTACHMENT/start2                                                                                         | design_1_i/axi_gpio_sel_w/U0/AXI_LITE_IPIF_I/I_SLAVE_ATTACHMENT/I_DECODER/cs_ce_clr                                                                   |                1 |              4 |         4.00 |
|  design_1_i/processing_system7_0/inst/FCLK_CLK0                    |                                                                                                                                                                | design_1_i/axi_gpio_led/U0/AXI_LITE_IPIF_I/I_SLAVE_ATTACHMENT/clear                                                                                   |                1 |              4 |         4.00 |
|  design_1_i/processing_system7_0/inst/FCLK_CLK0                    |                                                                                                                                                                | design_1_i/axi_gpio_led/U0/gpio_core_1/Read_Reg_Rst__0                                                                                                |                1 |              4 |         4.00 |
|  design_1_i/processing_system7_0/inst/FCLK_CLK0                    |                                                                                                                                                                | design_1_i/axi_gpio_rst/U0/AXI_LITE_IPIF_I/I_SLAVE_ATTACHMENT/clear                                                                                   |                1 |              4 |         4.00 |
|  design_1_i/processing_system7_0/inst/FCLK_CLK0                    | design_1_i/axi_gpio_sel_w/U0/AXI_LITE_IPIF_I/I_SLAVE_ATTACHMENT/bus2ip_addr_i[8]_i_1_n_0                                                                       | design_1_i/axi_gpio_sel_w/U0/AXI_LITE_IPIF_I/I_SLAVE_ATTACHMENT/SR[0]                                                                                 |                1 |              4 |         4.00 |
|  design_1_i/processing_system7_0/inst/FCLK_CLK0                    | design_1_i/axi_gpio_delta_ok/U0/AXI_LITE_IPIF_I/I_SLAVE_ATTACHMENT/bus2ip_addr_i[8]_i_1_n_0                                                                    | design_1_i/axi_gpio_delta_ok/U0/AXI_LITE_IPIF_I/I_SLAVE_ATTACHMENT/SS[0]                                                                              |                1 |              4 |         4.00 |
|  design_1_i/processing_system7_0/inst/FCLK_CLK0                    |                                                                                                                                                                | design_1_i/axi_gpio_delta_done/U0/AXI_LITE_IPIF_I/I_SLAVE_ATTACHMENT/clear                                                                            |                1 |              4 |         4.00 |
|  design_1_i/processing_system7_0/inst/FCLK_CLK0                    | design_1_i/axi_gpio_sel_input/U0/AXI_LITE_IPIF_I/I_SLAVE_ATTACHMENT/start2                                                                                     | design_1_i/axi_gpio_sel_input/U0/AXI_LITE_IPIF_I/I_SLAVE_ATTACHMENT/I_DECODER/cs_ce_clr                                                               |                1 |              4 |         4.00 |
|  design_1_i/processing_system7_0/inst/FCLK_CLK0                    | design_1_i/axi_gpio_sel_input/U0/AXI_LITE_IPIF_I/I_SLAVE_ATTACHMENT/bus2ip_addr_i[8]_i_1_n_0                                                                   | design_1_i/axi_gpio_sel_input/U0/AXI_LITE_IPIF_I/I_SLAVE_ATTACHMENT/SS[0]                                                                             |                1 |              4 |         4.00 |
|  design_1_i/processing_system7_0/inst/FCLK_CLK0                    |                                                                                                                                                                | design_1_i/axi_gpio_corrected_w/U0/AXI_LITE_IPIF_I/I_SLAVE_ATTACHMENT/clear                                                                           |                1 |              4 |         4.00 |
|  design_1_i/processing_system7_0/inst/FCLK_CLK0                    | design_1_i/axi_gpio_sel_corrected_w/U0/AXI_LITE_IPIF_I/I_SLAVE_ATTACHMENT/start2                                                                               | design_1_i/axi_gpio_sel_corrected_w/U0/AXI_LITE_IPIF_I/I_SLAVE_ATTACHMENT/I_DECODER/cs_ce_clr                                                         |                1 |              4 |         4.00 |
|  design_1_i/processing_system7_0/inst/FCLK_CLK0                    |                                                                                                                                                                | design_1_i/axi_gpio_sel_input/U0/AXI_LITE_IPIF_I/I_SLAVE_ATTACHMENT/clear                                                                             |                1 |              4 |         4.00 |
|  design_1_i/processing_system7_0/inst/FCLK_CLK0                    | design_1_i/axi_gpio_corrected_w/U0/AXI_LITE_IPIF_I/I_SLAVE_ATTACHMENT/start2                                                                                   | design_1_i/axi_gpio_corrected_w/U0/AXI_LITE_IPIF_I/I_SLAVE_ATTACHMENT/I_DECODER/cs_ce_clr                                                             |                2 |              4 |         2.00 |
|  design_1_i/processing_system7_0/inst/FCLK_CLK0                    |                                                                                                                                                                | design_1_i/axi_gpio_sel_w/U0/AXI_LITE_IPIF_I/I_SLAVE_ATTACHMENT/clear                                                                                 |                1 |              4 |         4.00 |
|  design_1_i/processing_system7_0/inst/FCLK_CLK0                    | design_1_i/axi_gpio_delta_done/U0/AXI_LITE_IPIF_I/I_SLAVE_ATTACHMENT/bus2ip_addr_i[8]_i_1_n_0                                                                  | design_1_i/axi_gpio_delta_done/U0/AXI_LITE_IPIF_I/I_SLAVE_ATTACHMENT/SS[0]                                                                            |                1 |              4 |         4.00 |
|  design_1_i/processing_system7_0/inst/FCLK_CLK0                    |                                                                                                                                                                | design_1_i/axi_gpio_desired_point_type/U0/AXI_LITE_IPIF_I/I_SLAVE_ATTACHMENT/clear                                                                    |                1 |              4 |         4.00 |
|  design_1_i/processing_system7_0/inst/FCLK_CLK0                    | design_1_i/axi_gpio_delta_done/U0/AXI_LITE_IPIF_I/I_SLAVE_ATTACHMENT/start2                                                                                    | design_1_i/axi_gpio_delta_done/U0/AXI_LITE_IPIF_I/I_SLAVE_ATTACHMENT/I_DECODER/cs_ce_clr                                                              |                1 |              4 |         4.00 |
|  design_1_i/processing_system7_0/inst/FCLK_CLK0                    |                                                                                                                                                                | design_1_i/axi_gpio_sw/U0/AXI_LITE_IPIF_I/I_SLAVE_ATTACHMENT/I_DECODER/bus2ip_rnw_i_reg                                                               |                1 |              4 |         4.00 |
|  design_1_i/processing_system7_0/inst/FCLK_CLK0                    |                                                                                                                                                                | design_1_i/axi_gpio_sw/U0/AXI_LITE_IPIF_I/I_SLAVE_ATTACHMENT/clear                                                                                    |                1 |              4 |         4.00 |
|  design_1_i/processing_system7_0/inst/FCLK_CLK0                    | design_1_i/axi_gpio_rst/U0/AXI_LITE_IPIF_I/I_SLAVE_ATTACHMENT/start2                                                                                           | design_1_i/axi_gpio_rst/U0/AXI_LITE_IPIF_I/I_SLAVE_ATTACHMENT/I_DECODER/cs_ce_clr                                                                     |                1 |              4 |         4.00 |
|  design_1_i/processing_system7_0/inst/FCLK_CLK0                    |                                                                                                                                                                | design_1_i/axi_gpio_start_per/U0/AXI_LITE_IPIF_I/I_SLAVE_ATTACHMENT/clear                                                                             |                1 |              4 |         4.00 |
|  design_1_i/processing_system7_0/inst/FCLK_CLK0                    | design_1_i/axi_gpio_rst/U0/AXI_LITE_IPIF_I/I_SLAVE_ATTACHMENT/bus2ip_addr_i[8]_i_1_n_0                                                                         | design_1_i/axi_gpio_rst/U0/AXI_LITE_IPIF_I/I_SLAVE_ATTACHMENT/SS[0]                                                                                   |                1 |              4 |         4.00 |
|  design_1_i/processing_system7_0/inst/FCLK_CLK0                    |                                                                                                                                                                | design_1_i/axi_gpio_update_w/U0/AXI_LITE_IPIF_I/I_SLAVE_ATTACHMENT/clear                                                                              |                1 |              4 |         4.00 |
|  design_1_i/processing_system7_0/inst/FCLK_CLK0                    | design_1_i/axi_gpio_led/U0/AXI_LITE_IPIF_I/I_SLAVE_ATTACHMENT/start2                                                                                           | design_1_i/axi_gpio_led/U0/AXI_LITE_IPIF_I/I_SLAVE_ATTACHMENT/I_DECODER/cs_ce_clr                                                                     |                1 |              4 |         4.00 |
|  design_1_i/processing_system7_0/inst/FCLK_CLK0                    |                                                                                                                                                                | design_1_i/axi_gpio_update_input/U0/AXI_LITE_IPIF_I/I_SLAVE_ATTACHMENT/clear                                                                          |                1 |              4 |         4.00 |
|  design_1_i/processing_system7_0/inst/FCLK_CLK0                    | design_1_i/axi_gpio_sel_corrected_w/U0/AXI_LITE_IPIF_I/I_SLAVE_ATTACHMENT/bus2ip_addr_i[8]_i_1_n_0                                                             | design_1_i/axi_gpio_sel_corrected_w/U0/AXI_LITE_IPIF_I/I_SLAVE_ATTACHMENT/SR[0]                                                                       |                1 |              4 |         4.00 |
|  design_1_i/processing_system7_0/inst/FCLK_CLK0                    |                                                                                                                                                                | design_1_i/axi_gpio_w/U0/AXI_LITE_IPIF_I/I_SLAVE_ATTACHMENT/clear                                                                                     |                1 |              4 |         4.00 |
|  design_1_i/processing_system7_0/inst/FCLK_CLK0                    | design_1_i/axi_gpio_sw/U0/AXI_LITE_IPIF_I/I_SLAVE_ATTACHMENT/start2                                                                                            | design_1_i/axi_gpio_sw/U0/AXI_LITE_IPIF_I/I_SLAVE_ATTACHMENT/I_DECODER/cs_ce_clr                                                                      |                1 |              4 |         4.00 |
|  design_1_i/processing_system7_0/inst/FCLK_CLK0                    |                                                                                                                                                                | design_1_i/rst_ps7_0_50M/U0/EXT_LPF/lpf_int                                                                                                           |                3 |              4 |         1.33 |
|  design_1_i/processing_system7_0/inst/FCLK_CLK0                    | design_1_i/axi_gpio_sw/U0/AXI_LITE_IPIF_I/I_SLAVE_ATTACHMENT/bus2ip_addr_i[8]_i_1_n_0                                                                          | design_1_i/axi_gpio_sw/U0/AXI_LITE_IPIF_I/I_SLAVE_ATTACHMENT/SR[0]                                                                                    |                1 |              4 |         4.00 |
|  design_1_i/processing_system7_0/inst/FCLK_CLK0                    | design_1_i/axi_gpio_start_per/U0/AXI_LITE_IPIF_I/I_SLAVE_ATTACHMENT/bus2ip_addr_i[8]_i_1_n_0                                                                   | design_1_i/axi_gpio_start_per/U0/AXI_LITE_IPIF_I/I_SLAVE_ATTACHMENT/SS[0]                                                                             |                1 |              4 |         4.00 |
|  design_1_i/processing_system7_0/inst/FCLK_CLK0                    | design_1_i/axi_gpio_start_per/U0/AXI_LITE_IPIF_I/I_SLAVE_ATTACHMENT/start2                                                                                     | design_1_i/axi_gpio_start_per/U0/AXI_LITE_IPIF_I/I_SLAVE_ATTACHMENT/I_DECODER/cs_ce_clr                                                               |                1 |              4 |         4.00 |
|  design_1_i/processing_system7_0/inst/FCLK_CLK0                    | design_1_i/axi_gpio_update_w/U0/AXI_LITE_IPIF_I/I_SLAVE_ATTACHMENT/start2                                                                                      | design_1_i/axi_gpio_update_w/U0/AXI_LITE_IPIF_I/I_SLAVE_ATTACHMENT/I_DECODER/cs_ce_clr                                                                |                1 |              4 |         4.00 |
|  design_1_i/processing_system7_0/inst/FCLK_CLK0                    |                                                                                                                                                                | design_1_i/ps7_0_axi_periph/s00_couplers/auto_pc/inst/gen_axilite.gen_b2s_conv.axilite_b2s/SI_REG/aw.aw_pipe/aresetn_d_reg[1]_inv_0                   |                1 |              4 |         4.00 |
|  design_1_i/processing_system7_0/inst/FCLK_CLK0                    |                                                                                                                                                                | design_1_i/ps7_0_axi_periph/s00_couplers/auto_pc/inst/gen_axilite.gen_b2s_conv.axilite_b2s/SI_REG/aw.aw_pipe/aresetn_d_reg[0]_0                       |                2 |              4 |         2.00 |
|  design_1_i/processing_system7_0/inst/FCLK_CLK0                    | design_1_i/axi_gpio_update_input/U0/AXI_LITE_IPIF_I/I_SLAVE_ATTACHMENT/bus2ip_addr_i[8]_i_1_n_0                                                                | design_1_i/axi_gpio_update_input/U0/AXI_LITE_IPIF_I/I_SLAVE_ATTACHMENT/SS[0]                                                                          |                1 |              4 |         4.00 |
|  design_1_i/processing_system7_0/inst/FCLK_CLK0                    | design_1_i/axi_gpio_update_input/U0/AXI_LITE_IPIF_I/I_SLAVE_ATTACHMENT/start2                                                                                  | design_1_i/axi_gpio_update_input/U0/AXI_LITE_IPIF_I/I_SLAVE_ATTACHMENT/I_DECODER/cs_ce_clr                                                            |                1 |              4 |         4.00 |
|  design_1_i/processing_system7_0/inst/FCLK_CLK0                    | design_1_i/axi_gpio_w/U0/AXI_LITE_IPIF_I/I_SLAVE_ATTACHMENT/bus2ip_addr_i[8]_i_1_n_0                                                                           | design_1_i/axi_gpio_w/U0/AXI_LITE_IPIF_I/I_SLAVE_ATTACHMENT/SR[0]                                                                                     |                1 |              4 |         4.00 |
|  design_1_i/processing_system7_0/inst/FCLK_CLK0                    | design_1_i/axi_gpio_w/U0/AXI_LITE_IPIF_I/I_SLAVE_ATTACHMENT/start2                                                                                             | design_1_i/axi_gpio_w/U0/AXI_LITE_IPIF_I/I_SLAVE_ATTACHMENT/I_DECODER/cs_ce_clr                                                                       |                1 |              4 |         4.00 |
|  design_1_i/processing_system7_0/inst/FCLK_CLK0                    | design_1_i/ps7_0_axi_periph/s00_couplers/auto_pc/inst/gen_axilite.gen_b2s_conv.axilite_b2s/RD.ar_channel_0/ar_cmd_fsm_0/m_axi_arready_2                        | design_1_i/ps7_0_axi_periph/s00_couplers/auto_pc/inst/gen_axilite.gen_b2s_conv.axilite_b2s/RD.ar_channel_0/ar_cmd_fsm_0/FSM_sequential_state_reg[1]_0 |                3 |              4 |         1.33 |
|  design_1_i/processing_system7_0/inst/FCLK_CLK0                    | design_1_i/axi_gpio_update_w/U0/AXI_LITE_IPIF_I/I_SLAVE_ATTACHMENT/bus2ip_addr_i[8]_i_1_n_0                                                                    | design_1_i/axi_gpio_update_w/U0/AXI_LITE_IPIF_I/I_SLAVE_ATTACHMENT/SS[0]                                                                              |                1 |              4 |         4.00 |
|  design_1_i/processing_system7_0/inst/FCLK_CLK0                    | design_1_i/Control_0/U0/perceptron/fpu_mul1/state[3]_i_1_n_0                                                                                                   | design_1_i/axi_gpio_rst/U0/gpio_core_1/gpio_io_o[0]                                                                                                   |                2 |              4 |         2.00 |
|  design_1_i/processing_system7_0/inst/FCLK_CLK0                    | design_1_i/Control_0/U0/delta_rule_unit3/fpu_mul/state[3]_i_1__3_n_0                                                                                           | design_1_i/Control_0/U0/delta_rule_unit3/fpu_mul/rst_mul                                                                                              |                2 |              4 |         2.00 |
|  design_1_i/processing_system7_0/inst/FCLK_CLK0                    | design_1_i/axi_gpio_done_per/U0/AXI_LITE_IPIF_I/I_SLAVE_ATTACHMENT/bus2ip_addr_i[8]_i_1_n_0                                                                    | design_1_i/axi_gpio_done_per/U0/AXI_LITE_IPIF_I/I_SLAVE_ATTACHMENT/SS[0]                                                                              |                1 |              4 |         4.00 |
|  design_1_i/processing_system7_0/inst/FCLK_CLK0                    | design_1_i/axi_gpio_start_delta/U0/AXI_LITE_IPIF_I/I_SLAVE_ATTACHMENT/start2                                                                                   | design_1_i/axi_gpio_start_delta/U0/AXI_LITE_IPIF_I/I_SLAVE_ATTACHMENT/I_DECODER/cs_ce_clr                                                             |                1 |              4 |         4.00 |
|  design_1_i/processing_system7_0/inst/FCLK_CLK0                    | design_1_i/Control_0/U0/delta_rule_unit2/fpu_mul/state[3]_i_1__2_n_0                                                                                           | design_1_i/Control_0/U0/delta_rule_unit2/fpu_mul/rst_mul                                                                                              |                2 |              4 |         2.00 |
|  design_1_i/processing_system7_0/inst/FCLK_CLK0                    | design_1_i/axi_gpio_start_delta/U0/AXI_LITE_IPIF_I/I_SLAVE_ATTACHMENT/bus2ip_addr_i[8]_i_1_n_0                                                                 | design_1_i/axi_gpio_start_delta/U0/AXI_LITE_IPIF_I/I_SLAVE_ATTACHMENT/SS[0]                                                                           |                1 |              4 |         4.00 |
|  design_1_i/processing_system7_0/inst/FCLK_CLK0                    | design_1_i/axi_gpio_done_per/U0/AXI_LITE_IPIF_I/I_SLAVE_ATTACHMENT/start2                                                                                      | design_1_i/axi_gpio_done_per/U0/AXI_LITE_IPIF_I/I_SLAVE_ATTACHMENT/I_DECODER/cs_ce_clr                                                                |                1 |              4 |         4.00 |
|  design_1_i/processing_system7_0/inst/FCLK_CLK0                    | design_1_i/axi_gpio_per_out/U0/AXI_LITE_IPIF_I/I_SLAVE_ATTACHMENT/bus2ip_addr_i[8]_i_1_n_0                                                                     | design_1_i/axi_gpio_per_out/U0/AXI_LITE_IPIF_I/I_SLAVE_ATTACHMENT/SS[0]                                                                               |                1 |              4 |         4.00 |
|  design_1_i/processing_system7_0/inst/FCLK_CLK0                    | design_1_i/axi_gpio_per_out/U0/AXI_LITE_IPIF_I/I_SLAVE_ATTACHMENT/start2                                                                                       | design_1_i/axi_gpio_per_out/U0/AXI_LITE_IPIF_I/I_SLAVE_ATTACHMENT/I_DECODER/cs_ce_clr                                                                 |                1 |              4 |         4.00 |
|  design_1_i/processing_system7_0/inst/FCLK_CLK0                    | design_1_i/axi_gpio_input_val/U0/AXI_LITE_IPIF_I/I_SLAVE_ATTACHMENT/start2                                                                                     | design_1_i/axi_gpio_input_val/U0/AXI_LITE_IPIF_I/I_SLAVE_ATTACHMENT/I_DECODER/cs_ce_clr                                                               |                1 |              4 |         4.00 |
|  design_1_i/processing_system7_0/inst/FCLK_CLK0                    | design_1_i/Control_0/U0/perceptron/fpu_mul2/state[3]_i_1__0_n_0                                                                                                | design_1_i/axi_gpio_rst/U0/gpio_core_1/gpio_io_o[0]                                                                                                   |                2 |              4 |         2.00 |
|  design_1_i/processing_system7_0/inst/FCLK_CLK0                    | design_1_i/axi_gpio_input_val/U0/AXI_LITE_IPIF_I/I_SLAVE_ATTACHMENT/bus2ip_addr_i[8]_i_1_n_0                                                                   | design_1_i/axi_gpio_input_val/U0/AXI_LITE_IPIF_I/I_SLAVE_ATTACHMENT/SR[0]                                                                             |                1 |              4 |         4.00 |
|  design_1_i/processing_system7_0/inst/FCLK_CLK0                    | design_1_i/axi_gpio_btn/U0/AXI_LITE_IPIF_I/I_SLAVE_ATTACHMENT/I_DECODER/E[0]                                                                                   | design_1_i/axi_gpio_btn/U0/AXI_LITE_IPIF_I/I_SLAVE_ATTACHMENT/SR[0]                                                                                   |                1 |              4 |         4.00 |
|  design_1_i/processing_system7_0/inst/FCLK_CLK0                    | design_1_i/axi_gpio_btn/U0/AXI_LITE_IPIF_I/I_SLAVE_ATTACHMENT/bus2ip_addr_i[8]_i_1_n_0                                                                         | design_1_i/axi_gpio_btn/U0/AXI_LITE_IPIF_I/I_SLAVE_ATTACHMENT/SR[0]                                                                                   |                1 |              4 |         4.00 |
|  design_1_i/processing_system7_0/inst/FCLK_CLK0                    | design_1_i/axi_gpio_led/U0/AXI_LITE_IPIF_I/I_SLAVE_ATTACHMENT/s_axi_rresp_i                                                                                    | design_1_i/axi_gpio_led/U0/AXI_LITE_IPIF_I/I_SLAVE_ATTACHMENT/SR[0]                                                                                   |                2 |              5 |         2.50 |
|  design_1_i/processing_system7_0/inst/FCLK_CLK0                    | design_1_i/axi_gpio_btn/U0/AXI_LITE_IPIF_I/I_SLAVE_ATTACHMENT/s_axi_rresp_i                                                                                    | design_1_i/axi_gpio_btn/U0/AXI_LITE_IPIF_I/I_SLAVE_ATTACHMENT/SR[0]                                                                                   |                2 |              5 |         2.50 |
|  design_1_i/processing_system7_0/inst/FCLK_CLK0                    | design_1_i/ps7_0_axi_periph/s00_couplers/auto_pc/inst/gen_axilite.gen_b2s_conv.axilite_b2s/RD.r_channel_0/transaction_fifo_0/cnt_read[4]_i_1_n_0               | design_1_i/ps7_0_axi_periph/s00_couplers/auto_pc/inst/gen_axilite.gen_b2s_conv.axilite_b2s/areset_d1                                                  |                1 |              5 |         5.00 |
|  design_1_i/processing_system7_0/inst/FCLK_CLK0                    | design_1_i/axi_gpio_sw/U0/AXI_LITE_IPIF_I/I_SLAVE_ATTACHMENT/s_axi_rresp_i                                                                                     | design_1_i/axi_gpio_sw/U0/AXI_LITE_IPIF_I/I_SLAVE_ATTACHMENT/SR[0]                                                                                    |                1 |              5 |         5.00 |
|  design_1_i/processing_system7_0/inst/FCLK_CLK0                    | design_1_i/Control_0/U0/delta_rule_unit1/fpu_mul/eZ0                                                                                                           |                                                                                                                                                       |                2 |              5 |         2.50 |
|  design_1_i/processing_system7_0/inst/FCLK_CLK0                    | design_1_i/ps7_0_axi_periph/s00_couplers/auto_pc/inst/gen_axilite.gen_b2s_conv.axilite_b2s/RD.r_channel_0/rd_data_fifo_0/cnt_read[4]_i_1__0_n_0                | design_1_i/ps7_0_axi_periph/s00_couplers/auto_pc/inst/gen_axilite.gen_b2s_conv.axilite_b2s/areset_d1                                                  |                2 |              5 |         2.50 |
|  design_1_i/processing_system7_0/inst/FCLK_CLK0                    | design_1_i/rst_ps7_0_50M/U0/SEQ/seq_cnt_en                                                                                                                     | design_1_i/rst_ps7_0_50M/U0/SEQ/SEQ_COUNTER/clear                                                                                                     |                2 |              6 |         3.00 |
|  design_1_i/processing_system7_0/inst/FCLK_CLK0                    | design_1_i/Control_0/U0/perceptron/fpu_adder1/sum_exp0                                                                                                         |                                                                                                                                                       |                2 |              8 |         4.00 |
|  design_1_i/processing_system7_0/inst/FCLK_CLK0                    | design_1_i/Control_0/U0/delta_rule_unit3/fpu_adder2/sum_exp0                                                                                                   |                                                                                                                                                       |                2 |              8 |         4.00 |
|  design_1_i/processing_system7_0/inst/FCLK_CLK0                    | design_1_i/Control_0/U0/delta_rule_unit2/fpu_adder2/sum_exp0                                                                                                   |                                                                                                                                                       |                2 |              8 |         4.00 |
|  design_1_i/processing_system7_0/inst/FCLK_CLK0                    | design_1_i/ps7_0_axi_periph/s00_couplers/auto_pc/inst/gen_axilite.gen_b2s_conv.axilite_b2s/WR.b_channel_0/mhandshake_r                                         | design_1_i/ps7_0_axi_periph/s00_couplers/auto_pc/inst/gen_axilite.gen_b2s_conv.axilite_b2s/WR.b_channel_0/bid_fifo_0/SR[0]                            |                3 |              8 |         2.67 |
|  design_1_i/processing_system7_0/inst/FCLK_CLK0                    | design_1_i/axi_gpio_led/U0/AXI_LITE_IPIF_I/I_SLAVE_ATTACHMENT/I_DECODER/E[0]                                                                                   | design_1_i/axi_gpio_led/U0/AXI_LITE_IPIF_I/I_SLAVE_ATTACHMENT/SR[0]                                                                                   |                1 |              8 |         8.00 |
|  design_1_i/processing_system7_0/inst/FCLK_CLK0                    | design_1_i/Control_0/U0/delta_rule_unit1/fpu_adder2/sum_exp0                                                                                                   |                                                                                                                                                       |                3 |              8 |         2.67 |
|  design_1_i/processing_system7_0/inst/FCLK_CLK0                    | design_1_i/Control_0/U0/delta_rule_unit3/fpu_mul/eZ0                                                                                                           |                                                                                                                                                       |                4 |              9 |         2.25 |
|  design_1_i/processing_system7_0/inst/FCLK_CLK0                    | design_1_i/Control_0/U0/perceptron/fpu_mul2/eZ0                                                                                                                |                                                                                                                                                       |                4 |              9 |         2.25 |
|  design_1_i/processing_system7_0/inst/FCLK_CLK0                    | design_1_i/Control_0/U0/perceptron/fpu_mul1/E_temp0                                                                                                            |                                                                                                                                                       |                3 |              9 |         3.00 |
|  design_1_i/processing_system7_0/inst/FCLK_CLK0                    | design_1_i/Control_0/U0/perceptron/fpu_mul1/eZ0                                                                                                                |                                                                                                                                                       |                5 |              9 |         1.80 |
|  design_1_i/processing_system7_0/inst/FCLK_CLK0                    | design_1_i/Control_0/U0/delta_rule_unit2/fpu_mul/E_temp[8]_i_1__1_n_0                                                                                          |                                                                                                                                                       |                3 |              9 |         3.00 |
|  design_1_i/processing_system7_0/inst/FCLK_CLK0                    | design_1_i/Control_0/U0/perceptron/fpu_mul2/E_temp0                                                                                                            |                                                                                                                                                       |                3 |              9 |         3.00 |
|  design_1_i/processing_system7_0/inst/FCLK_CLK0                    | design_1_i/Control_0/U0/delta_rule_unit3/fpu_mul/E_temp[8]_i_1__2_n_0                                                                                          |                                                                                                                                                       |                3 |              9 |         3.00 |
|  design_1_i/processing_system7_0/inst/FCLK_CLK0                    | design_1_i/Control_0/U0/delta_rule_unit2/fpu_mul/eZ0                                                                                                           |                                                                                                                                                       |                3 |              9 |         3.00 |
|  design_1_i/processing_system7_0/inst/FCLK_CLK0                    |                                                                                                                                                                | design_1_i/ps7_0_axi_periph/s00_couplers/auto_pc/inst/gen_axilite.gen_b2s_conv.axilite_b2s/areset_d1                                                  |                4 |             10 |         2.50 |
|  design_1_i/processing_system7_0/inst/FCLK_CLK0                    | design_1_i/Control_0/U0/delta_rule_unit3/fpu_mul/A_sgn0                                                                                                        |                                                                                                                                                       |                3 |             10 |         3.33 |
|  design_1_i/processing_system7_0/inst/FCLK_CLK0                    | design_1_i/Control_0/U0/delta_rule_unit2/fpu_mul/A_sgn0                                                                                                        |                                                                                                                                                       |                4 |             10 |         2.50 |
|  design_1_i/processing_system7_0/inst/FCLK_CLK0                    | design_1_i/ps7_0_axi_periph/s00_couplers/auto_pc/inst/gen_axilite.gen_b2s_conv.axilite_b2s/WR.aw_channel_0/aw_cmd_fsm_0/m_valid_i_reg[0]                       |                                                                                                                                                       |                4 |             12 |         3.00 |
|  design_1_i/processing_system7_0/inst/FCLK_CLK0                    | design_1_i/ps7_0_axi_periph/s00_couplers/auto_pc/inst/gen_axilite.gen_b2s_conv.axilite_b2s/WR.aw_channel_0/cmd_translator_0/incr_cmd_0/axaddr_incr[11]_i_1_n_0 |                                                                                                                                                       |                3 |             12 |         4.00 |
|  design_1_i/processing_system7_0/inst/FCLK_CLK0                    | design_1_i/ps7_0_axi_periph/s00_couplers/auto_pc/inst/gen_axilite.gen_b2s_conv.axilite_b2s/RD.ar_channel_0/ar_cmd_fsm_0/E[0]                                   |                                                                                                                                                       |                5 |             12 |         2.40 |
|  design_1_i/processing_system7_0/inst/FCLK_CLK0                    | design_1_i/ps7_0_axi_periph/s00_couplers/auto_pc/inst/gen_axilite.gen_b2s_conv.axilite_b2s/RD.ar_channel_0/ar_cmd_fsm_0/sel_first_reg[0]                       |                                                                                                                                                       |                2 |             12 |         6.00 |
|  design_1_i/processing_system7_0/inst/FCLK_CLK0                    |                                                                                                                                                                | design_1_i/ps7_0_axi_periph/tier2_xbar_2/inst/gen_sasd.crossbar_sasd_0/addr_arbiter_inst/SR[0]                                                        |                4 |             13 |         3.25 |
|  design_1_i/processing_system7_0/inst/FCLK_CLK0                    |                                                                                                                                                                | design_1_i/ps7_0_axi_periph/xbar/inst/gen_sasd.crossbar_sasd_0/addr_arbiter_inst/SR[0]                                                                |                6 |             13 |         2.17 |
|  design_1_i/processing_system7_0/inst/FCLK_CLK0                    | design_1_i/ps7_0_axi_periph/s00_couplers/auto_pc/inst/gen_axilite.gen_b2s_conv.axilite_b2s/RD.r_channel_0/r_push_r                                             |                                                                                                                                                       |                4 |             13 |         3.25 |
|  design_1_i/processing_system7_0/inst/FCLK_CLK0                    | design_1_i/ps7_0_axi_periph/s00_couplers/auto_pc/inst/gen_axilite.gen_b2s_conv.axilite_b2s/SI_REG/b.b_pipe/p_1_in                                              |                                                                                                                                                       |                2 |             14 |         7.00 |
|  design_1_i/processing_system7_0/inst/FCLK_CLK0                    | design_1_i/ps7_0_axi_periph/s00_couplers/auto_pc/inst/gen_axilite.gen_b2s_conv.axilite_b2s/SI_REG/b.b_pipe/s_ready_i_reg_0                                     |                                                                                                                                                       |                3 |             14 |         4.67 |
|  design_1_i/processing_system7_0/inst/FCLK_CLK0                    | design_1_i/ps7_0_axi_periph/tier2_xbar_0/inst/gen_sasd.crossbar_sasd_0/reg_slice_r/aa_rready                                                                   |                                                                                                                                                       |                4 |             15 |         3.75 |
|  design_1_i/processing_system7_0/inst/FCLK_CLK0                    | design_1_i/ps7_0_axi_periph/xbar/inst/gen_sasd.crossbar_sasd_0/reg_slice_r/aa_rready                                                                           |                                                                                                                                                       |                5 |             15 |         3.00 |
|  design_1_i/processing_system7_0/inst/FCLK_CLK0                    | design_1_i/ps7_0_axi_periph/s00_couplers/auto_pc/inst/gen_axilite.gen_b2s_conv.axilite_b2s/WR.aw_channel_0/aw_cmd_fsm_0/m_axi_awready_0                        |                                                                                                                                                       |                3 |             16 |         5.33 |
|  design_1_i/processing_system7_0/inst/FCLK_CLK0                    |                                                                                                                                                                | design_1_i/ps7_0_axi_periph/tier2_xbar_1/inst/gen_sasd.crossbar_sasd_0/addr_arbiter_inst/SR[0]                                                        |                6 |             16 |         2.67 |
|  design_1_i/processing_system7_0/inst/FCLK_CLK0                    |                                                                                                                                                                | design_1_i/ps7_0_axi_periph/tier2_xbar_0/inst/gen_sasd.crossbar_sasd_0/addr_arbiter_inst/SR[0]                                                        |                7 |             17 |         2.43 |
|  design_1_i/processing_system7_0/inst/FCLK_CLK0                    | design_1_i/Control_0/U0/perceptron/fpu_mul1/M_full_reg0                                                                                                        |                                                                                                                                                       |                4 |             17 |         4.25 |
|  design_1_i/processing_system7_0/inst/FCLK_CLK0                    | design_1_i/Control_0/U0/delta_rule_unit1/fpu_mul/M_full_reg[16]_i_1__3_n_0                                                                                     |                                                                                                                                                       |                4 |             17 |         4.25 |
|  design_1_i/processing_system7_0/inst/FCLK_CLK0                    | design_1_i/Control_0/U0/delta_rule_unit3/fpu_mul/M_full_reg0                                                                                                   |                                                                                                                                                       |                4 |             17 |         4.25 |
|  design_1_i/processing_system7_0/inst/FCLK_CLK0                    | design_1_i/Control_0/U0/delta_rule_unit2/fpu_mul/M_full_reg0                                                                                                   |                                                                                                                                                       |                7 |             17 |         2.43 |
|  design_1_i/processing_system7_0/inst/FCLK_CLK0                    | design_1_i/Control_0/U0/perceptron/fpu_mul2/M_full_reg0                                                                                                        |                                                                                                                                                       |                5 |             17 |         3.40 |
|  design_1_i/processing_system7_0/inst/FCLK_CLK0                    | design_1_i/Control_0/U0/perceptron/fpu_mul2/A_sgn0                                                                                                             |                                                                                                                                                       |                3 |             18 |         6.00 |
|  design_1_i/processing_system7_0/inst/FCLK_CLK0                    | design_1_i/Control_0/U0/delta_rule_unit2/fpu_adder2/A_exp0                                                                                                     |                                                                                                                                                       |                8 |             18 |         2.25 |
|  design_1_i/processing_system7_0/inst/FCLK_CLK0                    | design_1_i/Control_0/U0/delta_rule_unit3/fpu_adder2/A_exp0                                                                                                     |                                                                                                                                                       |                8 |             18 |         2.25 |
|  design_1_i/processing_system7_0/inst/FCLK_CLK0                    | design_1_i/Control_0/U0/perceptron/fpu_mul1/A_exp0                                                                                                             |                                                                                                                                                       |                4 |             18 |         4.50 |
|  design_1_i/processing_system7_0/inst/FCLK_CLK0                    | design_1_i/Control_0/U0/perceptron/fpu_adder1/A_exp0                                                                                                           |                                                                                                                                                       |               10 |             18 |         1.80 |
|  design_1_i/processing_system7_0/inst/FCLK_CLK0                    | design_1_i/Control_0/U0/delta_rule_unit1/fpu_adder2/A_exp0                                                                                                     |                                                                                                                                                       |                9 |             18 |         2.00 |
|  design_1_i/processing_system7_0/inst/FCLK_CLK0                    | design_1_i/Control_0/U0/perceptron/fpu_adder2/A_exp0                                                                                                           |                                                                                                                                                       |                9 |             18 |         2.00 |
|  design_1_i/processing_system7_0/inst/FCLK_CLK0                    | design_1_i/ps7_0_axi_periph/tier2_xbar_1/inst/gen_sasd.crossbar_sasd_0/addr_arbiter_inst/p_0_in1_in                                                            | design_1_i/ps7_0_axi_periph/tier2_xbar_1/inst/gen_sasd.crossbar_sasd_0/addr_arbiter_inst/SR[0]                                                        |                3 |             19 |         6.33 |
|  design_1_i/processing_system7_0/inst/FCLK_CLK0                    | design_1_i/ps7_0_axi_periph/tier2_xbar_2/inst/gen_sasd.crossbar_sasd_0/addr_arbiter_inst/p_0_in1_in                                                            | design_1_i/ps7_0_axi_periph/tier2_xbar_2/inst/gen_sasd.crossbar_sasd_0/addr_arbiter_inst/SR[0]                                                        |                5 |             19 |         3.80 |
|  design_1_i/processing_system7_0/inst/FCLK_CLK0                    | design_1_i/ps7_0_axi_periph/xbar/inst/gen_sasd.crossbar_sasd_0/addr_arbiter_inst/p_0_in1_in                                                                    | design_1_i/ps7_0_axi_periph/xbar/inst/gen_sasd.crossbar_sasd_0/addr_arbiter_inst/SR[0]                                                                |                8 |             19 |         2.38 |
|  design_1_i/processing_system7_0/inst/FCLK_CLK0                    | design_1_i/ps7_0_axi_periph/tier2_xbar_0/inst/gen_sasd.crossbar_sasd_0/addr_arbiter_inst/p_0_in1_in                                                            | design_1_i/ps7_0_axi_periph/tier2_xbar_0/inst/gen_sasd.crossbar_sasd_0/addr_arbiter_inst/SR[0]                                                        |                3 |             19 |         6.33 |
|  design_1_i/processing_system7_0/inst/FCLK_CLK0                    |                                                                                                                                                                | design_1_i/axi_gpio_update_input/U0/AXI_LITE_IPIF_I/I_SLAVE_ATTACHMENT/SS[0]                                                                          |                7 |             20 |         2.86 |
|  design_1_i/processing_system7_0/inst/FCLK_CLK0                    |                                                                                                                                                                | design_1_i/axi_gpio_update_w/U0/AXI_LITE_IPIF_I/I_SLAVE_ATTACHMENT/SS[0]                                                                              |                5 |             20 |         4.00 |
|  design_1_i/processing_system7_0/inst/FCLK_CLK0                    |                                                                                                                                                                | design_1_i/axi_gpio_start_per/U0/AXI_LITE_IPIF_I/I_SLAVE_ATTACHMENT/SS[0]                                                                             |                6 |             20 |         3.33 |
|  design_1_i/processing_system7_0/inst/FCLK_CLK0                    |                                                                                                                                                                | design_1_i/axi_gpio_sw/U0/AXI_LITE_IPIF_I/I_SLAVE_ATTACHMENT/SR[0]                                                                                    |                6 |             20 |         3.33 |
|  design_1_i/processing_system7_0/inst/FCLK_CLK0                    |                                                                                                                                                                | design_1_i/axi_gpio_desired_point_type/U0/AXI_LITE_IPIF_I/I_SLAVE_ATTACHMENT/SS[0]                                                                    |                6 |             20 |         3.33 |
|  design_1_i/processing_system7_0/inst/FCLK_CLK0                    |                                                                                                                                                                | design_1_i/axi_gpio_led/U0/AXI_LITE_IPIF_I/I_SLAVE_ATTACHMENT/SR[0]                                                                                   |                6 |             20 |         3.33 |
|  design_1_i/processing_system7_0/inst/FCLK_CLK0                    |                                                                                                                                                                | design_1_i/axi_gpio_btn/U0/AXI_LITE_IPIF_I/I_SLAVE_ATTACHMENT/SR[0]                                                                                   |                6 |             20 |         3.33 |
|  design_1_i/processing_system7_0/inst/FCLK_CLK0                    |                                                                                                                                                                | design_1_i/axi_gpio_done_per/U0/AXI_LITE_IPIF_I/I_SLAVE_ATTACHMENT/SS[0]                                                                              |                5 |             20 |         4.00 |
|  design_1_i/processing_system7_0/inst/FCLK_CLK0                    |                                                                                                                                                                | design_1_i/axi_gpio_delta_ok/U0/AXI_LITE_IPIF_I/I_SLAVE_ATTACHMENT/SS[0]                                                                              |                6 |             20 |         3.33 |
|  design_1_i/processing_system7_0/inst/FCLK_CLK0                    |                                                                                                                                                                | design_1_i/axi_gpio_sel_input/U0/AXI_LITE_IPIF_I/I_SLAVE_ATTACHMENT/SS[0]                                                                             |                6 |             20 |         3.33 |
|  design_1_i/processing_system7_0/inst/FCLK_CLK0                    |                                                                                                                                                                | design_1_i/axi_gpio_start_delta/U0/AXI_LITE_IPIF_I/I_SLAVE_ATTACHMENT/SS[0]                                                                           |                4 |             20 |         5.00 |
|  design_1_i/processing_system7_0/inst/FCLK_CLK0                    |                                                                                                                                                                | design_1_i/axi_gpio_per_out/U0/AXI_LITE_IPIF_I/I_SLAVE_ATTACHMENT/SS[0]                                                                               |                8 |             20 |         2.50 |
|  design_1_i/processing_system7_0/inst/FCLK_CLK0                    |                                                                                                                                                                | design_1_i/axi_gpio_delta_done/U0/AXI_LITE_IPIF_I/I_SLAVE_ATTACHMENT/SS[0]                                                                            |                6 |             20 |         3.33 |
|  design_1_i/processing_system7_0/inst/FCLK_CLK0                    |                                                                                                                                                                | design_1_i/axi_gpio_rst/U0/AXI_LITE_IPIF_I/I_SLAVE_ATTACHMENT/SS[0]                                                                                   |                8 |             20 |         2.50 |
|  design_1_i/processing_system7_0/inst/FCLK_CLK0                    | design_1_i/ps7_0_axi_periph/s00_couplers/auto_pc/inst/gen_axilite.gen_b2s_conv.axilite_b2s/RD.ar_channel_0/ar_cmd_fsm_0/m_axi_arready_2                        |                                                                                                                                                       |                7 |             21 |         3.00 |
|  design_1_i/processing_system7_0/inst/FCLK_CLK0                    |                                                                                                                                                                | design_1_i/axi_gpio_sel_corrected_w/U0/AXI_LITE_IPIF_I/I_SLAVE_ATTACHMENT/SR[0]                                                                       |                8 |             23 |         2.88 |
|  design_1_i/processing_system7_0/inst/FCLK_CLK0                    | design_1_i/Control_0/U0/delta_rule_unit2/fpu_mul/mant0                                                                                                         |                                                                                                                                                       |                5 |             23 |         4.60 |
|  design_1_i/processing_system7_0/inst/FCLK_CLK0                    | design_1_i/Control_0/U0/delta_rule_unit3/fpu_mul/mant0                                                                                                         |                                                                                                                                                       |                5 |             23 |         4.60 |
|  design_1_i/processing_system7_0/inst/FCLK_CLK0                    | design_1_i/Control_0/U0/perceptron/fpu_mul1/mant0                                                                                                              |                                                                                                                                                       |                3 |             23 |         7.67 |
|  design_1_i/processing_system7_0/inst/FCLK_CLK0                    | design_1_i/Control_0/U0/perceptron/fpu_mul2/mant0                                                                                                              |                                                                                                                                                       |                4 |             23 |         5.75 |
|  design_1_i/processing_system7_0/inst/FCLK_CLK0                    |                                                                                                                                                                | design_1_i/axi_gpio_sel_w/U0/AXI_LITE_IPIF_I/I_SLAVE_ATTACHMENT/SR[0]                                                                                 |                6 |             23 |         3.83 |
|  design_1_i/processing_system7_0/inst/FCLK_CLK0                    | design_1_i/Control_0/U0/delta_rule_unit1/fpu_mul/mant0                                                                                                         |                                                                                                                                                       |                5 |             23 |         4.60 |
|  design_1_i/processing_system7_0/inst/FCLK_CLK0                    |                                                                                                                                                                | design_1_i/axi_gpio_rst/U0/gpio_core_1/gpio_io_o[0]                                                                                                   |               13 |             23 |         1.77 |
|  design_1_i/processing_system7_0/inst/FCLK_CLK0                    | design_1_i/Control_0/U0/delta_rule_unit2/fpu_adder2/A_mantissa[24]_i_1__2_n_0                                                                                  |                                                                                                                                                       |               24 |             24 |         1.00 |
|  design_1_i/processing_system7_0/inst/FCLK_CLK0                    | design_1_i/Control_0/U0/perceptron/fpu_adder1/A_mantissa[24]_i_1_n_0                                                                                           |                                                                                                                                                       |               21 |             24 |         1.14 |
|  design_1_i/processing_system7_0/inst/FCLK_CLK0                    | design_1_i/Control_0/U0/perceptron/fpu_adder1/B_mantissa[24]_i_1_n_0                                                                                           |                                                                                                                                                       |               23 |             24 |         1.04 |
|  design_1_i/processing_system7_0/inst/FCLK_CLK0                    | design_1_i/Control_0/U0/delta_rule_unit1/fpu_adder2/A_mantissa[24]_i_1__1_n_0                                                                                  |                                                                                                                                                       |               21 |             24 |         1.14 |
|  design_1_i/processing_system7_0/inst/FCLK_CLK0                    | design_1_i/ps7_0_axi_periph/s00_couplers/auto_pc/inst/gen_axilite.gen_b2s_conv.axilite_b2s/WR.aw_channel_0/aw_cmd_fsm_0/FSM_sequential_state_reg[0]_1          |                                                                                                                                                       |                8 |             24 |         3.00 |
|  design_1_i/processing_system7_0/inst/FCLK_CLK0                    | design_1_i/Control_0/U0/perceptron/fpu_adder2/A_mantissa[24]_i_1__0_n_0                                                                                        |                                                                                                                                                       |               19 |             24 |         1.26 |
|  design_1_i/processing_system7_0/inst/FCLK_CLK0                    | design_1_i/Control_0/U0/delta_rule_unit1/fpu_adder2/B_mantissa[24]_i_1__1_n_0                                                                                  |                                                                                                                                                       |               24 |             24 |         1.00 |
|  design_1_i/processing_system7_0/inst/FCLK_CLK0                    | design_1_i/Control_0/U0/delta_rule_unit2/fpu_adder2/B_mantissa[24]_i_1__2_n_0                                                                                  |                                                                                                                                                       |               20 |             24 |         1.20 |
|  design_1_i/processing_system7_0/inst/FCLK_CLK0                    | design_1_i/Control_0/U0/delta_rule_unit3/fpu_adder2/B_mantissa[24]_i_1__3_n_0                                                                                  |                                                                                                                                                       |               21 |             24 |         1.14 |
|  design_1_i/processing_system7_0/inst/FCLK_CLK0                    | design_1_i/Control_0/U0/delta_rule_unit3/fpu_adder2/A_mantissa[24]_i_1__3_n_0                                                                                  |                                                                                                                                                       |               20 |             24 |         1.20 |
|  design_1_i/processing_system7_0/inst/FCLK_CLK0                    | design_1_i/Control_0/U0/perceptron/fpu_adder1/sum_mantissa0                                                                                                    |                                                                                                                                                       |               15 |             25 |         1.67 |
|  design_1_i/processing_system7_0/inst/FCLK_CLK0                    | design_1_i/Control_0/U0/delta_rule_unit1/fpu_adder2/sum_mantissa0                                                                                              |                                                                                                                                                       |               14 |             25 |         1.79 |
|  design_1_i/processing_system7_0/inst/FCLK_CLK0                    | design_1_i/Control_0/U0/perceptron/fpu_adder2/sum_mantissa0                                                                                                    |                                                                                                                                                       |               16 |             25 |         1.56 |
|  design_1_i/processing_system7_0/inst/FCLK_CLK0                    | design_1_i/Control_0/U0/delta_rule_unit2/fpu_adder2/sum_mantissa0                                                                                              |                                                                                                                                                       |               16 |             25 |         1.56 |
|  design_1_i/processing_system7_0/inst/FCLK_CLK0                    | design_1_i/Control_0/U0/delta_rule_unit3/fpu_adder2/sum_mantissa0                                                                                              |                                                                                                                                                       |               13 |             25 |         1.92 |
|  design_1_i/processing_system7_0/inst/FCLK_CLK0                    | design_1_i/Control_0/U0/perceptron/fpu_adder2/B_mantissa[24]_i_1__0_n_0                                                                                        |                                                                                                                                                       |               20 |             25 |         1.25 |
|  design_1_i/processing_system7_0/inst/FCLK_CLK0                    | design_1_i/Control_0/U0/delta_rule_unit1/fpu_mul/product[31]_i_1__1_n_0                                                                                        | design_1_i/Control_0/U0/delta_rule_unit1/fpu_mul/rst_mul                                                                                              |                9 |             32 |         3.56 |
|  design_1_i/processing_system7_0/inst/FCLK_CLK0                    | design_1_i/axi_gpio_w/U0/AXI_LITE_IPIF_I/I_SLAVE_ATTACHMENT/s_axi_rresp_i                                                                                      | design_1_i/axi_gpio_w/U0/AXI_LITE_IPIF_I/I_SLAVE_ATTACHMENT/SR[0]                                                                                     |                9 |             32 |         3.56 |
|  design_1_i/processing_system7_0/inst/FCLK_CLK0                    | design_1_i/Control_0/U0/perceptron/fpu_mul2/product[31]_i_1__0_n_0                                                                                             | design_1_i/axi_gpio_rst/U0/gpio_core_1/gpio_io_o[0]                                                                                                   |                5 |             32 |         6.40 |
|  design_1_i/processing_system7_0/inst/FCLK_CLK0                    | design_1_i/axi_gpio_input_val/U0/AXI_LITE_IPIF_I/I_SLAVE_ATTACHMENT/I_DECODER/E[0]                                                                             | design_1_i/axi_gpio_input_val/U0/AXI_LITE_IPIF_I/I_SLAVE_ATTACHMENT/SR[0]                                                                             |                8 |             32 |         4.00 |
|  design_1_i/Control_0/U0/corrected_w_reg[31]_i_2_n_0_BUFG          |                                                                                                                                                                |                                                                                                                                                       |               13 |             32 |         2.46 |
|  design_1_i/processing_system7_0/inst/FCLK_CLK0                    | design_1_i/axi_gpio_w/U0/AXI_LITE_IPIF_I/I_SLAVE_ATTACHMENT/I_DECODER/E[0]                                                                                     | design_1_i/axi_gpio_w/U0/AXI_LITE_IPIF_I/I_SLAVE_ATTACHMENT/SR[0]                                                                                     |               10 |             32 |         3.20 |
|  design_1_i/processing_system7_0/inst/FCLK_CLK0                    | design_1_i/Control_0/U0/delta_rule_unit2/fpu_mul/product[31]_i_1__2_n_0                                                                                        | design_1_i/Control_0/U0/delta_rule_unit2/fpu_mul/rst_mul                                                                                              |                8 |             32 |         4.00 |
|  design_1_i/processing_system7_0/inst/FCLK_CLK0                    |                                                                                                                                                                | design_1_i/axi_gpio_w/U0/gpio_core_1/Read_Reg_Rst__0                                                                                                  |                7 |             32 |         4.57 |
|  design_1_i/axi_gpio_update_input/U0/gpio_core_1/gpio_io_o_BUFG[0] | design_1_i/axi_gpio_sel_input/U0/gpio_core_1/gpio_io_o[0]                                                                                                      |                                                                                                                                                       |               10 |             32 |         3.20 |
|  design_1_i/processing_system7_0/inst/FCLK_CLK0                    |                                                                                                                                                                | design_1_i/axi_gpio_corrected_w/U0/AXI_LITE_IPIF_I/I_SLAVE_ATTACHMENT/I_DECODER/bus2ip_rnw_i_reg                                                      |                9 |             32 |         3.56 |
|  design_1_i/processing_system7_0/inst/FCLK_CLK0                    | design_1_i/axi_gpio_corrected_w/U0/AXI_LITE_IPIF_I/I_SLAVE_ATTACHMENT/I_DECODER/E[0]                                                                           | design_1_i/axi_gpio_corrected_w/U0/AXI_LITE_IPIF_I/I_SLAVE_ATTACHMENT/SR[0]                                                                           |                8 |             32 |         4.00 |
|  design_1_i/processing_system7_0/inst/FCLK_CLK0                    | design_1_i/Control_0/U0/delta_rule_unit3/fpu_mul/product[31]_i_1__3_n_0                                                                                        | design_1_i/Control_0/U0/delta_rule_unit3/fpu_mul/rst_mul                                                                                              |                8 |             32 |         4.00 |
|  design_1_i/processing_system7_0/inst/FCLK_CLK0                    |                                                                                                                                                                | design_1_i/axi_gpio_input_val/U0/gpio_core_1/Read_Reg_Rst__0                                                                                          |               10 |             32 |         3.20 |
|  design_1_i/processing_system7_0/inst/FCLK_CLK0                    | design_1_i/axi_gpio_input_val/U0/AXI_LITE_IPIF_I/I_SLAVE_ATTACHMENT/s_axi_rresp_i                                                                              | design_1_i/axi_gpio_input_val/U0/AXI_LITE_IPIF_I/I_SLAVE_ATTACHMENT/SR[0]                                                                             |                9 |             32 |         3.56 |
|  design_1_i/processing_system7_0/inst/FCLK_CLK0                    | design_1_i/axi_gpio_corrected_w/U0/AXI_LITE_IPIF_I/I_SLAVE_ATTACHMENT/s_axi_rresp_i                                                                            | design_1_i/axi_gpio_corrected_w/U0/AXI_LITE_IPIF_I/I_SLAVE_ATTACHMENT/SR[0]                                                                           |               13 |             32 |         2.46 |
|  design_1_i/processing_system7_0/inst/FCLK_CLK0                    | design_1_i/Control_0/U0/perceptron/fpu_mul1/product[31]_i_1_n_0                                                                                                | design_1_i/axi_gpio_rst/U0/gpio_core_1/gpio_io_o[0]                                                                                                   |                8 |             32 |         4.00 |
|  design_1_i/axi_gpio_update_w/U0/gpio_core_1/gpio_io_o_BUFG[0]     | design_1_i/Control_0/U0/w0[31]_i_1_n_0                                                                                                                         |                                                                                                                                                       |               15 |             32 |         2.13 |
|  design_1_i/axi_gpio_update_w/U0/gpio_core_1/gpio_io_o_BUFG[0]     | design_1_i/Control_0/U0/w2[31]_i_1_n_0                                                                                                                         |                                                                                                                                                       |                6 |             32 |         5.33 |
|  design_1_i/axi_gpio_update_w/U0/gpio_core_1/gpio_io_o_BUFG[0]     | design_1_i/Control_0/U0/w1[31]_i_1_n_0                                                                                                                         |                                                                                                                                                       |               12 |             32 |         2.67 |
|  design_1_i/axi_gpio_update_input/U0/gpio_core_1/gpio_io_o_BUFG[0] | design_1_i/Control_0/U0/p_0_in                                                                                                                                 |                                                                                                                                                       |               14 |             32 |         2.29 |
|  design_1_i/processing_system7_0/inst/FCLK_CLK0                    | design_1_i/Control_0/U0/delta_rule_unit3/fpu_adder2/sum0                                                                                                       |                                                                                                                                                       |               11 |             33 |         3.00 |
|  design_1_i/processing_system7_0/inst/FCLK_CLK0                    | design_1_i/Control_0/U0/delta_rule_unit2/fpu_adder2/sum0                                                                                                       |                                                                                                                                                       |               11 |             33 |         3.00 |
|  design_1_i/processing_system7_0/inst/FCLK_CLK0                    | design_1_i/Control_0/U0/delta_rule_unit1/fpu_adder2/sum0                                                                                                       |                                                                                                                                                       |                8 |             33 |         4.12 |
|  design_1_i/processing_system7_0/inst/FCLK_CLK0                    | design_1_i/Control_0/U0/perceptron/fpu_adder1/done0                                                                                                            |                                                                                                                                                       |               16 |             33 |         2.06 |
|  design_1_i/processing_system7_0/inst/FCLK_CLK0                    | design_1_i/ps7_0_axi_periph/s00_couplers/auto_pc/inst/gen_axilite.gen_b2s_conv.axilite_b2s/RD.r_channel_0/rd_data_fifo_0/wr_en0                                |                                                                                                                                                       |                9 |             34 |         3.78 |
|  design_1_i/processing_system7_0/inst/FCLK_CLK0                    | design_1_i/ps7_0_axi_periph/tier2_xbar_0/inst/gen_sasd.crossbar_sasd_0/addr_arbiter_inst/E[0]                                                                  |                                                                                                                                                       |               11 |             35 |         3.18 |
|  design_1_i/processing_system7_0/inst/FCLK_CLK0                    | design_1_i/ps7_0_axi_periph/tier2_xbar_1/inst/gen_sasd.crossbar_sasd_0/addr_arbiter_inst/E[0]                                                                  |                                                                                                                                                       |                9 |             35 |         3.89 |
|  design_1_i/processing_system7_0/inst/FCLK_CLK0                    | design_1_i/ps7_0_axi_periph/tier2_xbar_2/inst/gen_sasd.crossbar_sasd_0/addr_arbiter_inst/E[0]                                                                  |                                                                                                                                                       |               12 |             35 |         2.92 |
|  design_1_i/processing_system7_0/inst/FCLK_CLK0                    | design_1_i/ps7_0_axi_periph/xbar/inst/gen_sasd.crossbar_sasd_0/addr_arbiter_inst/E[0]                                                                          |                                                                                                                                                       |                6 |             35 |         5.83 |
|  design_1_i/processing_system7_0/inst/FCLK_CLK0                    |                                                                                                                                                                | design_1_i/axi_gpio_corrected_w/U0/AXI_LITE_IPIF_I/I_SLAVE_ATTACHMENT/SR[0]                                                                           |               16 |             47 |         2.94 |
|  design_1_i/processing_system7_0/inst/FCLK_CLK0                    |                                                                                                                                                                | design_1_i/axi_gpio_w/U0/AXI_LITE_IPIF_I/I_SLAVE_ATTACHMENT/SR[0]                                                                                     |               14 |             47 |         3.36 |
|  design_1_i/processing_system7_0/inst/FCLK_CLK0                    | design_1_i/ps7_0_axi_periph/s00_couplers/auto_pc/inst/gen_axilite.gen_b2s_conv.axilite_b2s/SI_REG/r.r_pipe/p_1_in                                              |                                                                                                                                                       |                8 |             47 |         5.88 |
|  design_1_i/processing_system7_0/inst/FCLK_CLK0                    | design_1_i/ps7_0_axi_periph/s00_couplers/auto_pc/inst/gen_axilite.gen_b2s_conv.axilite_b2s/SI_REG/r.r_pipe/s_ready_i_reg_0                                     |                                                                                                                                                       |               11 |             47 |         4.27 |
|  design_1_i/processing_system7_0/inst/FCLK_CLK0                    |                                                                                                                                                                | design_1_i/axi_gpio_input_val/U0/AXI_LITE_IPIF_I/I_SLAVE_ATTACHMENT/SR[0]                                                                             |               15 |             47 |         3.13 |
|  design_1_i/processing_system7_0/inst/FCLK_CLK0                    | design_1_i/ps7_0_axi_periph/s00_couplers/auto_pc/inst/gen_axilite.gen_b2s_conv.axilite_b2s/RD.ar_channel_0/ar_cmd_fsm_0/m_valid_i_reg[0]                       |                                                                                                                                                       |               11 |             48 |         4.36 |
|  design_1_i/processing_system7_0/inst/FCLK_CLK0                    | design_1_i/ps7_0_axi_periph/s00_couplers/auto_pc/inst/gen_axilite.gen_b2s_conv.axilite_b2s/WR.aw_channel_0/aw_cmd_fsm_0/E[0]                                   |                                                                                                                                                       |                9 |             48 |         5.33 |
|  design_1_i/processing_system7_0/inst/FCLK_CLK0                    | design_1_i/ps7_0_axi_periph/s00_couplers/auto_pc/inst/gen_axilite.gen_b2s_conv.axilite_b2s/SI_REG/ar.ar_pipe/s_ready_i_reg_0                                   |                                                                                                                                                       |               12 |             48 |         4.00 |
|  design_1_i/processing_system7_0/inst/FCLK_CLK0                    | design_1_i/ps7_0_axi_periph/s00_couplers/auto_pc/inst/gen_axilite.gen_b2s_conv.axilite_b2s/SI_REG/aw.aw_pipe/s_ready_i_reg_0                                   |                                                                                                                                                       |               11 |             48 |         4.36 |
|  design_1_i/processing_system7_0/inst/FCLK_CLK0                    | design_1_i/Control_0/U0/perceptron/fpu_mul2/M_full0                                                                                                            |                                                                                                                                                       |               26 |             95 |         3.65 |
|  design_1_i/processing_system7_0/inst/FCLK_CLK0                    | design_1_i/Control_0/U0/perceptron/fpu_mul1/M_full0                                                                                                            |                                                                                                                                                       |               21 |             95 |         4.52 |
|  design_1_i/processing_system7_0/inst/FCLK_CLK0                    | design_1_i/Control_0/U0/delta_rule_unit2/fpu_mul/M_full0                                                                                                       |                                                                                                                                                       |               22 |             95 |         4.32 |
|  design_1_i/processing_system7_0/inst/FCLK_CLK0                    | design_1_i/Control_0/U0/delta_rule_unit1/fpu_mul/M_full[47]_i_1__3_n_0                                                                                         |                                                                                                                                                       |               18 |             95 |         5.28 |
|  design_1_i/processing_system7_0/inst/FCLK_CLK0                    | design_1_i/Control_0/U0/delta_rule_unit3/fpu_mul/M_full0                                                                                                       |                                                                                                                                                       |               15 |             95 |         6.33 |
|  design_1_i/processing_system7_0/inst/FCLK_CLK0                    |                                                                                                                                                                |                                                                                                                                                       |              229 |            609 |         2.66 |
+--------------------------------------------------------------------+----------------------------------------------------------------------------------------------------------------------------------------------------------------+-------------------------------------------------------------------------------------------------------------------------------------------------------+------------------+----------------+--------------+


